<?xml version="1.0" encoding="UTF-8"?>
<!-- Generated by org.testng.reporters.JUnitReportReporter -->
<testsuite hostname="LT-MBP-079.local" failures="0" tests="1" name="appiumtest.athenaHealth" time="7.143" errors="0" timestamp="2024-10-04T23:16:14 IST" skipped="0">
  <testcase classname="appiumtest.athenaHealth" name="testSimple" time="7.143"/>
  <system-out/>
</testsuite> <!-- appiumtest.athenaHealth -->
