<?xml version="1.0" encoding="UTF-8"?>
<!-- Generated by org.testng.reporters.JUnitReportReporter -->
<testsuite hostname="LT-MBP-079.local" failures="0" tests="1" name="appiumtest.varoMoneyTest" time="358.043" errors="0" timestamp="2024-04-25T22:43:26 IST" skipped="0">
  <testcase classname="appiumtest.varoMoneyTest" name="biometricTest" time="358.043"/>
  <system-out/>
</testsuite> <!-- appiumtest.varoMoneyTest -->
