<?xml version="1.0" encoding="UTF-8"?>
<!-- Generated by org.testng.reporters.JUnitReportReporter -->
<testsuite hostname="LT-MBP-079.local" failures="0" tests="1" name="appiumtest.mujeevSunnova" time="0.012" errors="0" timestamp="2024-07-27T02:31:20 IST" skipped="0">
  <testcase classname="appiumtest.mujeevSunnova" name="testSimple" time="0.012"/>
  <system-out/>
</testsuite> <!-- appiumtest.mujeevSunnova -->
