<?xml version="1.0" encoding="UTF-8"?>
<!-- Generated by org.testng.reporters.JUnitReportReporter -->
<testsuite hostname="LT-MBP-079.local" failures="0" tests="1" name="appiumtest.discoverTest" time="6.813" errors="0" timestamp="2024-08-12T14:51:26 IST" skipped="0">
  <testcase classname="appiumtest.discoverTest" name="testSimple" time="6.813"/>
  <system-out/>
</testsuite> <!-- appiumtest.discoverTest -->
