<?xml version="1.0" encoding="UTF-8"?>
<!-- Generated by org.testng.reporters.JUnitReportReporter -->
<testsuite hostname="LT-MBP-079.local" failures="0" tests="1" name="appiumtest.privateCloudiOS" time="4.052" errors="0" timestamp="2024-08-20T01:22:38 IST" skipped="0">
  <testcase classname="appiumtest.privateCloudiOS" name="testSimple" time="4.052"/>
  <system-out/>
</testsuite> <!-- appiumtest.privateCloudiOS -->
