<?xml version="1.0" encoding="UTF-8"?>
<!-- Generated by org.testng.reporters.JUnitReportReporter -->
<testsuite hostname="LT-MBP-079.local" failures="0" tests="1" name="appiumtest.PwCUserInfoLatest" time="3.013" errors="0" timestamp="2024-07-25T05:12:44 IST" skipped="0">
  <testcase classname="appiumtest.PwCUserInfoLatest" name="test" time="3.013"/>
  <system-out/>
</testsuite> <!-- appiumtest.PwCUserInfoLatest -->
