<?xml version="1.0" encoding="UTF-8"?>
<!-- Generated by org.testng.reporters.JUnitReportReporter -->
<testsuite hostname="LT-MBP-079.local" failures="0" tests="1" name="appiumtest.alkamiWithPatchedApp" time="3.813" errors="0" timestamp="2024-07-10T23:46:06 IST" skipped="0">
  <testcase classname="appiumtest.alkamiWithPatchedApp" name="testSimple" time="3.813"/>
  <system-out/>
</testsuite> <!-- appiumtest.alkamiWithPatchedApp -->
