<?xml version="1.0" encoding="UTF-8"?>
<!-- Generated by org.testng.reporters.JUnitReportReporter -->
<testsuite hostname="LT-MBP-079.local" failures="0" tests="1" name="appiumtest.shymalCulvers" time="11.131" errors="0" timestamp="2024-07-27T01:26:08 IST" skipped="0">
  <testcase classname="appiumtest.shymalCulvers" name="testSimple" time="11.131"/>
  <system-out/>
</testsuite> <!-- appiumtest.shymalCulvers -->
