<?xml version="1.0" encoding="UTF-8"?>
<!-- Generated by org.testng.reporters.JUnitReportReporter -->
<testsuite hostname="LT-MBP-079.bbrouter" failures="0" tests="1" name="appiumtest.windowsHandles" time="6.344" errors="0" timestamp="2024-01-18T01:56:17 IST" skipped="0">
  <testcase classname="appiumtest.windowsHandles" name="testAdsDetails" time="6.344"/>
  <system-out/>
</testsuite> <!-- appiumtest.windowsHandles -->
