<?xml version="1.0" encoding="UTF-8"?>
<!-- Generated by org.testng.reporters.JUnitReportReporter -->
<testsuite hostname="LT-MBP-079.local" failures="0" tests="1" name="appiumtest.CalTest" time="3.945" errors="1" timestamp="2023-10-06T23:03:47 IST" skipped="0">
  <testcase classname="appiumtest.CalTest" name="openOnClickListenersOnEmulator" time="3.945">
    <error message="Could not start a new session. Response code 500. Message: [INVALID_APP_ID] The app_id lt://lt://APP10160631101690215740557369 specified in the ‘app’ params is invalid. Please specify a valid app_id that was returned in the response to upload app API request and try again. 
Host info: host: &#039;LT-MBP-079.local&#039;, ip: &#039;192.168.101.148&#039;
Build info: version: &#039;4.10.0&#039;, revision: &#039;c14d967899&#039;
System info: os.name: &#039;Mac OS X&#039;, os.arch: &#039;x86_64&#039;, os.version: &#039;13.3.1&#039;, java.version: &#039;20.0.1&#039;
Driver info: io.appium.java_client.AppiumDriver
Command: [null, newSession {capabilities=[{lt:options={app=lt://lt://APP10160631101690215740557369, build=AppiumBuildRahulTestCal, w3c=true, platformVersion=13, name=AppiumTestRahulTestCal, project=AppiumProjectRahulTestCal, isRealMobile=true, platformName=android, deviceName=Galaxy S23}}], desiredCapabilities=Capabilities {lt:options: {app: lt://lt://APP10160631101690..., build: AppiumBuildRahulTestCal, deviceName: Galaxy S23, isRealMobile: true, name: AppiumTestRahulTestCal, platformName: android, platformVersion: 13, project: AppiumProjectRahulTestCal, w3c: true}}}]
Capabilities {lt:options: {app: lt://lt://APP10160631101690..., build: AppiumBuildRahulTestCal, deviceName: Galaxy S23, isRealMobile: true, name: AppiumTestRahulTestCal, platformName: android, platformVersion: 13, project: AppiumProjectRahulTestCal, w3c: true}}" type="org.openqa.selenium.SessionNotCreatedException">
      <![CDATA[org.openqa.selenium.SessionNotCreatedException: Could not start a new session. Response code 500. Message: [INVALID_APP_ID] The app_id lt://lt://APP10160631101690215740557369 specified in the ‘app’ params is invalid. Please specify a valid app_id that was returned in the response to upload app API request and try again. 
Host info: host: 'LT-MBP-079.local', ip: '192.168.101.148'
Build info: version: '4.10.0', revision: 'c14d967899'
System info: os.name: 'Mac OS X', os.arch: 'x86_64', os.version: '13.3.1', java.version: '20.0.1'
Driver info: io.appium.java_client.AppiumDriver
Command: [null, newSession {capabilities=[{lt:options={app=lt://lt://APP10160631101690215740557369, build=AppiumBuildRahulTestCal, w3c=true, platformVersion=13, name=AppiumTestRahulTestCal, project=AppiumProjectRahulTestCal, isRealMobile=true, platformName=android, deviceName=Galaxy S23}}], desiredCapabilities=Capabilities {lt:options: {app: lt://lt://APP10160631101690..., build: AppiumBuildRahulTestCal, deviceName: Galaxy S23, isRealMobile: true, name: AppiumTestRahulTestCal, platformName: android, platformVersion: 13, project: AppiumProjectRahulTestCal, w3c: true}}}]
Capabilities {lt:options: {app: lt://lt://APP10160631101690..., build: AppiumBuildRahulTestCal, deviceName: Galaxy S23, isRealMobile: true, name: AppiumTestRahulTestCal, platformName: android, platformVersion: 13, project: AppiumProjectRahulTestCal, w3c: true}}
at org.openqa.selenium.remote.ProtocolHandshake.createSession(ProtocolHandshake.java:140)
at java.base/jdk.internal.reflect.DirectMethodHandleAccessor.invoke(DirectMethodHandleAccessor.java:104)
at java.base/java.lang.reflect.Method.invoke(Method.java:578)
at io.appium.java_client.remote.AppiumProtocolHandshake.createSession(AppiumProtocolHandshake.java:133)
at io.appium.java_client.remote.AppiumProtocolHandshake.createSession(AppiumProtocolHandshake.java:102)
at io.appium.java_client.remote.AppiumCommandExecutor.createSession(AppiumCommandExecutor.java:182)
at io.appium.java_client.remote.AppiumCommandExecutor.execute(AppiumCommandExecutor.java:250)
at org.openqa.selenium.remote.RemoteWebDriver.execute(RemoteWebDriver.java:531)
at io.appium.java_client.AppiumDriver.startSession(AppiumDriver.java:274)
at org.openqa.selenium.remote.RemoteWebDriver.<init>(RemoteWebDriver.java:154)
at io.appium.java_client.AppiumDriver.<init>(AppiumDriver.java:89)
at io.appium.java_client.AppiumDriver.<init>(AppiumDriver.java:101)
at appiumtest.CalTest.openOnClickListenersOnEmulator(CalTest.java:64)
at java.base/jdk.internal.reflect.DirectMethodHandleAccessor.invoke(DirectMethodHandleAccessor.java:104)
at java.base/java.lang.reflect.Method.invoke(Method.java:578)
at org.testng.internal.invokers.MethodInvocationHelper.invokeMethod(MethodInvocationHelper.java:139)
at org.testng.internal.invokers.TestInvoker.invokeMethod(TestInvoker.java:677)
at org.testng.internal.invokers.TestInvoker.invokeTestMethod(TestInvoker.java:221)
at org.testng.internal.invokers.MethodRunner.runInSequence(MethodRunner.java:50)
at org.testng.internal.invokers.TestInvoker$MethodInvocationAgent.invoke(TestInvoker.java:969)
at org.testng.internal.invokers.TestInvoker.invokeTestMethods(TestInvoker.java:194)
at org.testng.internal.invokers.TestMethodWorker.invokeTestMethods(TestMethodWorker.java:148)
at org.testng.internal.invokers.TestMethodWorker.run(TestMethodWorker.java:128)
at java.base/java.util.ArrayList.forEach(ArrayList.java:1511)
at org.testng.TestRunner.privateRun(TestRunner.java:829)
at org.testng.TestRunner.run(TestRunner.java:602)
at org.testng.SuiteRunner.runTest(SuiteRunner.java:437)
at org.testng.SuiteRunner.runSequentially(SuiteRunner.java:431)
at org.testng.SuiteRunner.privateRun(SuiteRunner.java:391)
at org.testng.SuiteRunner.run(SuiteRunner.java:330)
at org.testng.SuiteRunnerWorker.runSuite(SuiteRunnerWorker.java:52)
at org.testng.SuiteRunnerWorker.run(SuiteRunnerWorker.java:95)
at org.testng.TestNG.runSuitesSequentially(TestNG.java:1256)
at org.testng.TestNG.runSuitesLocally(TestNG.java:1176)
at org.testng.TestNG.runSuites(TestNG.java:1099)
at org.testng.TestNG.run(TestNG.java:1067)
at org.testng.remote.AbstractRemoteTestNG.run(AbstractRemoteTestNG.java:115)
at org.testng.remote.RemoteTestNG.initAndRun(RemoteTestNG.java:251)
at org.testng.remote.RemoteTestNG.main(RemoteTestNG.java:77)
]]>
    </error>
  </testcase> <!-- openOnClickListenersOnEmulator -->
  <system-out/>
</testsuite> <!-- appiumtest.CalTest -->
