<?xml version="1.0" encoding="UTF-8"?>
<!-- Generated by org.testng.reporters.JUnitReportReporter -->
<testsuite hostname="LT-MBP-079.local" failures="0" tests="1" name="appiumtest.gauravCustomer" time="106.646" errors="0" timestamp="2024-08-23T07:21:17 IST" skipped="0">
  <testcase classname="appiumtest.gauravCustomer" name="testSimple" time="106.646"/>
  <system-out/>
</testsuite> <!-- appiumtest.gauravCustomer -->
