<?xml version="1.0" encoding="UTF-8"?>
<!-- Generated by org.testng.reporters.JUnitReportReporter -->
<testsuite hostname="LT-MBP-079.local" failures="0" tests="1" name="appiumtest.fitnessSyncer" time="1.112" errors="0" timestamp="2024-07-10T21:18:35 IST" skipped="0">
  <testcase classname="appiumtest.fitnessSyncer" name="testSimple" time="1.112"/>
  <system-out/>
</testsuite> <!-- appiumtest.fitnessSyncer -->
