<?xml version="1.0" encoding="UTF-8"?>
<!-- Generated by org.testng.reporters.JUnitReportReporter -->
<testsuite hostname="LT-MBP-079.local" failures="0" tests="1" name="appiumtest.DeppanshuCustomer" time="60.288" errors="0" timestamp="2024-02-28T20:23:21 IST" skipped="0">
  <testcase classname="appiumtest.DeppanshuCustomer" name="testAdsDetails" time="60.288"/>
  <system-out/>
</testsuite> <!-- appiumtest.DeppanshuCustomer -->
