<?xml version="1.0" encoding="UTF-8"?>
<!-- Generated by org.testng.reporters.JUnitReportReporter -->
<testsuite hostname="LT-MBP-079.local" failures="0" tests="1" name="appiumtest.privateCloud" time="4.436" errors="0" timestamp="2024-08-20T01:16:39 IST" skipped="0">
  <testcase classname="appiumtest.privateCloud" name="testSimple" time="4.436"/>
  <system-out/>
</testsuite> <!-- appiumtest.privateCloud -->
