<?xml version="1.0" encoding="UTF-8"?>
<!-- Generated by org.testng.reporters.JUnitReportReporter -->
<testsuite hostname="LT-MBP-079.local" failures="0" tests="1" name="appiumtest.AndroidApponLT" time="3.964" errors="0" timestamp="2023-10-18T23:05:08 IST" skipped="0">
  <testcase classname="appiumtest.AndroidApponLT" name="AndroidApp" time="3.964"/>
  <system-out/>
</testsuite> <!-- appiumtest.AndroidApponLT -->
