<?xml version="1.0" encoding="UTF-8"?>
<!-- Generated by org.testng.reporters.JUnitReportReporter -->
<testsuite hostname="LT-MBP-079.local" failures="0" tests="1" name="appiumtest.visualRD" time="12.110" errors="0" timestamp="2024-09-06T18:57:37 IST" skipped="0">
  <testcase classname="appiumtest.visualRD" name="testSimple" time="12.110"/>
  <system-out/>
</testsuite> <!-- appiumtest.visualRD -->
