<?xml version="1.0" encoding="UTF-8"?>
<!-- Generated by org.testng.reporters.JUnitReportReporter -->
<testsuite hostname="LT-MBP-079.local" failures="0" tests="1" name="appiumtest.AllegoiOSAppTest" time="105.119" errors="0" timestamp="2024-07-10T21:13:36 IST" skipped="0">
  <testcase classname="appiumtest.AllegoiOSAppTest" name="testSimple" time="105.119"/>
  <system-out/>
</testsuite> <!-- appiumtest.AllegoiOSAppTest -->
