<?xml version="1.0" encoding="UTF-8"?>
<!-- Generated by org.testng.reporters.JUnitReportReporter -->
<testsuite hostname="LT-MBP-079.local" failures="0" tests="1" name="appiumtest.washPostApp" time="65.532" errors="0" timestamp="2024-06-06T19:50:19 IST" skipped="0">
  <testcase classname="appiumtest.washPostApp" name="AndroidApp" time="65.532"/>
  <system-out/>
</testsuite> <!-- appiumtest.washPostApp -->
