<?xml version="1.0" encoding="UTF-8"?>
<!-- Generated by org.testng.reporters.JUnitReportReporter -->
<testsuite hostname="LT-MBP-079.local" failures="0" tests="1" name="appiumtest.DicksIssueLatest" time="0.016" errors="0" timestamp="2024-09-04T17:33:48 IST" skipped="0">
  <testcase classname="appiumtest.DicksIssueLatest" name="testSimple" time="0.016"/>
  <system-out/>
</testsuite> <!-- appiumtest.DicksIssueLatest -->
