<?xml version="1.0" encoding="UTF-8"?>
<!-- Generated by org.testng.reporters.JUnitReportReporter -->
<testsuite hostname="LT-MBP-079.local" failures="0" tests="1" name="appiumtest.testCompleteSunWing" time="25.109" errors="0" timestamp="2024-04-03T23:08:54 IST" skipped="0">
  <testcase classname="appiumtest.testCompleteSunWing" name="testAdsDetails" time="25.109"/>
  <system-out/>
</testsuite> <!-- appiumtest.testCompleteSunWing -->
