<?xml version="1.0" encoding="UTF-8"?>
<!-- Generated by org.testng.reporters.JUnitReportReporter -->
<testsuite hostname="LT-MBP-079.local" failures="0" tests="2" name="appiumtest.realDeviceTesting" time="0.857" errors="1" timestamp="2023-10-12T02:03:20 IST" skipped="1">
  <testcase classname="appiumtest.realDeviceTesting" name="testOne" time="0.001">
    <skipped/>
  </testcase> <!-- testOne -->
  <system-out/>
  <testcase classname="appiumtest.realDeviceTesting" name="openOnClickListenersOnRealDevice" time="0.856">
    <error message="Could not start a new session. Response code 404. Message: The requested resource could not be found, or a request was received using an HTTP method that is not supported by the mapped resource 
Host info: host: &#039;LT-MBP-079.local&#039;, ip: &#039;192.168.101.157&#039;
Build info: version: &#039;4.10.0&#039;, revision: &#039;c14d967899&#039;
System info: os.name: &#039;Mac OS X&#039;, os.arch: &#039;x86_64&#039;, os.version: &#039;13.3.1&#039;, java.version: &#039;20.0.1&#039;
Driver info: io.appium.java_client.AppiumDriver
Command: [null, newSession {capabilities=[{appium:appActivity=providence.nassau.mobile.swedishhealth.mvvm.MainActivity, appium:appPackage=providence.nassau.mobile.swedishhealth.stage, appium:deviceName=Pixel 33, platformName=ANDROID, appium:platformVersion=13, appium:udid=emulator-5554}], desiredCapabilities=Capabilities {appActivity: providence.nassau.mobile.sw..., appPackage: providence.nassau.mobile.sw..., deviceName: Pixel 33, platformName: ANDROID, platformVersion: 13, udid: emulator-5554}}]
Capabilities {appActivity: providence.nassau.mobile.sw..., appPackage: providence.nassau.mobile.sw..., deviceName: Pixel 33, platformName: ANDROID, platformVersion: 13, udid: emulator-5554}" type="org.openqa.selenium.SessionNotCreatedException">
      <![CDATA[org.openqa.selenium.SessionNotCreatedException: Could not start a new session. Response code 404. Message: The requested resource could not be found, or a request was received using an HTTP method that is not supported by the mapped resource 
Host info: host: 'LT-MBP-079.local', ip: '192.168.101.157'
Build info: version: '4.10.0', revision: 'c14d967899'
System info: os.name: 'Mac OS X', os.arch: 'x86_64', os.version: '13.3.1', java.version: '20.0.1'
Driver info: io.appium.java_client.AppiumDriver
Command: [null, newSession {capabilities=[{appium:appActivity=providence.nassau.mobile.swedishhealth.mvvm.MainActivity, appium:appPackage=providence.nassau.mobile.swedishhealth.stage, appium:deviceName=Pixel 33, platformName=ANDROID, appium:platformVersion=13, appium:udid=emulator-5554}], desiredCapabilities=Capabilities {appActivity: providence.nassau.mobile.sw..., appPackage: providence.nassau.mobile.sw..., deviceName: Pixel 33, platformName: ANDROID, platformVersion: 13, udid: emulator-5554}}]
Capabilities {appActivity: providence.nassau.mobile.sw..., appPackage: providence.nassau.mobile.sw..., deviceName: Pixel 33, platformName: ANDROID, platformVersion: 13, udid: emulator-5554}
at org.openqa.selenium.remote.ProtocolHandshake.createSession(ProtocolHandshake.java:140)
at java.base/jdk.internal.reflect.DirectMethodHandleAccessor.invoke(DirectMethodHandleAccessor.java:104)
at java.base/java.lang.reflect.Method.invoke(Method.java:578)
at io.appium.java_client.remote.AppiumProtocolHandshake.createSession(AppiumProtocolHandshake.java:133)
at io.appium.java_client.remote.AppiumProtocolHandshake.createSession(AppiumProtocolHandshake.java:102)
at io.appium.java_client.remote.AppiumCommandExecutor.createSession(AppiumCommandExecutor.java:182)
at io.appium.java_client.remote.AppiumCommandExecutor.execute(AppiumCommandExecutor.java:250)
at org.openqa.selenium.remote.RemoteWebDriver.execute(RemoteWebDriver.java:531)
at io.appium.java_client.AppiumDriver.startSession(AppiumDriver.java:274)
at org.openqa.selenium.remote.RemoteWebDriver.<init>(RemoteWebDriver.java:154)
at io.appium.java_client.AppiumDriver.<init>(AppiumDriver.java:89)
at io.appium.java_client.AppiumDriver.<init>(AppiumDriver.java:101)
at appiumtest.realDeviceTesting.openOnClickListenersOnRealDevice(realDeviceTesting.java:58)
at java.base/jdk.internal.reflect.DirectMethodHandleAccessor.invoke(DirectMethodHandleAccessor.java:104)
at java.base/java.lang.reflect.Method.invoke(Method.java:578)
at org.testng.internal.invokers.MethodInvocationHelper.invokeMethod(MethodInvocationHelper.java:139)
at org.testng.internal.invokers.MethodInvocationHelper.invokeMethodConsideringTimeout(MethodInvocationHelper.java:69)
at org.testng.internal.invokers.ConfigInvoker.invokeConfigurationMethod(ConfigInvoker.java:361)
at org.testng.internal.invokers.ConfigInvoker.invokeConfigurations(ConfigInvoker.java:296)
at org.testng.TestRunner.invokeTestConfigurations(TestRunner.java:644)
at org.testng.TestRunner.beforeRun(TestRunner.java:633)
at org.testng.TestRunner.run(TestRunner.java:595)
at org.testng.SuiteRunner.runTest(SuiteRunner.java:437)
at org.testng.SuiteRunner.runSequentially(SuiteRunner.java:431)
at org.testng.SuiteRunner.privateRun(SuiteRunner.java:391)
at org.testng.SuiteRunner.run(SuiteRunner.java:330)
at org.testng.SuiteRunnerWorker.runSuite(SuiteRunnerWorker.java:52)
at org.testng.SuiteRunnerWorker.run(SuiteRunnerWorker.java:95)
at org.testng.TestNG.runSuitesSequentially(TestNG.java:1256)
at org.testng.TestNG.runSuitesLocally(TestNG.java:1176)
at org.testng.TestNG.runSuites(TestNG.java:1099)
at org.testng.TestNG.run(TestNG.java:1067)
at org.testng.remote.AbstractRemoteTestNG.run(AbstractRemoteTestNG.java:115)
at org.testng.remote.RemoteTestNG.initAndRun(RemoteTestNG.java:251)
at org.testng.remote.RemoteTestNG.main(RemoteTestNG.java:77)
]]>
    </error>
  </testcase> <!-- openOnClickListenersOnRealDevice -->
  <system-out/>
</testsuite> <!-- appiumtest.realDeviceTesting -->
