<?xml version="1.0" encoding="UTF-8"?>
<!-- Generated by org.testng.reporters.JUnitReportReporter -->
<testsuite hostname="LT-MBP-079.local" failures="0" tests="1" name="appiumtest.AndroidApponLT" time="0.576" errors="0" timestamp="2024-07-10T20:39:15 IST" skipped="0">
  <testcase classname="appiumtest.AndroidApponLT" name="AndroidApp" time="0.576"/>
  <system-out/>
</testsuite> <!-- appiumtest.AndroidApponLT -->
