<?xml version="1.0" encoding="UTF-8"?>
<!-- Generated by org.testng.reporters.JUnitReportReporter -->
<testsuite hostname="LT-MBP-079.bbrouter" failures="0" tests="1" name="appiumtest.fitnessSyncerXertSpinner" time="0.236" errors="0" timestamp="2024-05-08T20:22:14 IST" skipped="0">
  <testcase classname="appiumtest.fitnessSyncerXertSpinner" name="testSimple" time="0.236"/>
  <system-out/>
</testsuite> <!-- appiumtest.fitnessSyncerXertSpinner -->
