<?xml version="1.0" encoding="UTF-8"?>
<!-- Generated by org.testng.reporters.JUnitReportReporter -->
<testsuite hostname="LT-MBP-079.local" failures="0" tests="1" name="appiumtest.footLockerExecutionTime" time="0.356" errors="0" timestamp="2024-10-10T01:59:57 IST" skipped="0">
  <testcase classname="appiumtest.footLockerExecutionTime" name="testSimple" time="0.356"/>
  <system-out/>
</testsuite> <!-- appiumtest.footLockerExecutionTime -->
