<?xml version="1.0" encoding="UTF-8"?>
<!-- Generated by org.testng.reporters.JUnitReportReporter -->
<testsuite hostname="LT-MBP-079.local" failures="0" tests="1" name="appiumtest.caseysLocationIssue" time="54.034" errors="0" timestamp="2024-09-25T23:33:06 IST" skipped="0">
  <testcase classname="appiumtest.caseysLocationIssue" name="testSimple" time="54.034"/>
  <system-out/>
</testsuite> <!-- appiumtest.caseysLocationIssue -->
