<?xml version="1.0" encoding="UTF-8"?>
<!-- Generated by org.testng.reporters.JUnitReportReporter -->
<testsuite hostname="LT-MBP-079.local" failures="0" tests="1" name="appiumtest.WebOnEmulatorLambdaTest" time="121.415" errors="0" timestamp="2023-12-13T22:52:00 IST" skipped="0">
  <testcase classname="appiumtest.WebOnEmulatorLambdaTest" name="basicTest" time="121.415"/>
  <system-out/>
</testsuite> <!-- appiumtest.WebOnEmulatorLambdaTest -->
