<?xml version="1.0" encoding="UTF-8"?>
<!-- Generated by org.testng.reporters.JUnitReportReporter -->
<testsuite hostname="LT-MBP-079.local" failures="0" tests="1" name="appiumtest.deepanshuMobileWeb" time="31.416" errors="0" timestamp="2024-05-06T19:21:13 IST" skipped="0">
  <testcase classname="appiumtest.deepanshuMobileWeb" name="testSimple" time="31.416"/>
  <system-out/>
</testsuite> <!-- appiumtest.deepanshuMobileWeb -->
