<?xml version="1.0" encoding="UTF-8"?>
<!-- Generated by org.testng.reporters.JUnitReportReporter -->
<testsuite hostname="LT-MBP-079.local" failures="0" tests="1" name="appiumtest.mohammadSumUpCustomer" time="0.125" errors="0" timestamp="2024-06-14T11:18:19 IST" skipped="0">
  <testcase classname="appiumtest.mohammadSumUpCustomer" name="testSimple" time="0.125"/>
  <system-out/>
</testsuite> <!-- appiumtest.mohammadSumUpCustomer -->
