<?xml version="1.0" encoding="UTF-8"?>
<!-- Generated by org.testng.reporters.JUnitReportReporter -->
<testsuite hostname="LT-MBP-079.local" failures="0" tests="1" name="appiumtest.changeDeviceTime" time="80.720" errors="0" timestamp="2024-04-26T19:50:10 IST" skipped="0">
  <testcase classname="appiumtest.changeDeviceTime" name="setUp" time="80.720"/>
  <system-out/>
</testsuite> <!-- appiumtest.changeDeviceTime -->
