<?xml version="1.0" encoding="UTF-8"?>
<!-- Generated by org.testng.reporters.JUnitReportReporter -->
<testsuite hostname="LT-MBP-079.local" failures="0" tests="1" name="appiumtest.dicksIssue" time="0.410" errors="0" timestamp="2024-08-20T00:13:24 IST" skipped="0">
  <testcase classname="appiumtest.dicksIssue" name="testSimple" time="0.410"/>
  <system-out/>
</testsuite> <!-- appiumtest.dicksIssue -->
