<?xml version="1.0" encoding="UTF-8"?>
<!-- Generated by org.testng.reporters.JUnitReportReporter -->
<testsuite hostname="LT-MBP-079" failures="0" tests="2" name="appiumtest.AndroidApponLT" time="71.012" errors="0" timestamp="2023-06-22T01:41:01 IST" skipped="0">
  <testcase classname="appiumtest.AndroidApponLT" name="AndroidApp" time="35.772"/>
  <system-out/>
  <testcase classname="appiumtest.AndroidApponLT" name="AndroidApp" time="35.240"/>
  <system-out/>
</testsuite> <!-- appiumtest.AndroidApponLT -->
