<?xml version="1.0" encoding="UTF-8"?>
<!-- Generated by org.testng.reporters.JUnitReportReporter -->
<testsuite hostname="LT-MBP-079.local" failures="0" tests="1" name="appiumtest.viuTest" time="0.000" errors="0" timestamp="2024-07-10T21:19:23 IST" skipped="0">
  <testcase classname="appiumtest.viuTest" name="testSimple" time="0.000"/>
  <system-out/>
</testsuite> <!-- appiumtest.viuTest -->
